<?xml version="1.0" encoding="UTF-8"?>
<testsuites>
  <testsuite name="Validation_and_Bugs" timestamp="2020-07-31T01:30:11" time="8.113" tests="7" failures="0" errors="4" skipped="0">
    <properties>
      <property name="specId" value="0"/>
      <property name="featureName" value="Validation and Bugs"/>
      <property name="capabilities" value="chrome.84_0_4147_105.windows"/>
      <property name="featureFile" value=".\test\features\BasicFunc.feature"/>
    </properties>
    <testcase classname="CucumberJUnitReport-chrome.84_0_4147_105.windows.Validation_and_Bugs" name="Validation_and_Bugs.Should_be_able_to_fill_the_form" time="1.831">
      <system-out>
        <![CDATA[
✅ Given I open the site✅ When I fill up the form with the correct data✅ Then The data should be displayed alongside the estimated cost
]]>
      </system-out>
    </testcase>
    <testcase classname="CucumberJUnitReport-chrome.84_0_4147_105.windows.Validation_and_Bugs" name="Validation_and_Bugs.Should_not_accept_invalid_date_formats" time="0.847">
      <system-out>
        <![CDATA[
✅ Given I open the site✅ When I type my ticket without defining the dates✅ Then It should throw an Error notifing date formatting
]]>
      </system-out>
    </testcase>
    <testcase classname="CucumberJUnitReport-chrome.84_0_4147_105.windows.Validation_and_Bugs" name="Validation_and_Bugs.Leaving_Date_should_not_be_before_Starting_Date" time="1.035">
      <system-out>
        <![CDATA[
✅ Given I open the site✅ When I type my ticket and leaving date is before starting date✅ Then It should throw an Error notifing bad leaving date
]]>
      </system-out>
    </testcase>
    <testcase classname="CucumberJUnitReport-chrome.84_0_4147_105.windows.Validation_and_Bugs" name="Validation_and_Bugs.Should_not_acccept_Invalid_Date_Fortmats" time="1.416">
      <error message="expected false to equal true"/>
      <system-out>
        <![CDATA[
✅ Given I open the site✅ When I fill the form with invalid date formats❗ Then It should display an Error explaing the invalidness of the date format
]]>
      </system-out>
      <system-err>
        <![CDATA[
AssertionError: expected false to equal true
    at World.<anonymous> (C:\Users\lafoe\Desktop\sans\auto2\test\stepDefinition\/Home.stepdef.js:90:47)
    at World.executeSync (C:\Users\lafoe\Desktop\sans\auto2\node_modules\@wdio\sync\build\index.js:56:18)
    at C:\Users\lafoe\Desktop\sans\auto2\node_modules\@wdio\sync\build\index.js:82:70
]]>
      </system-err>
    </testcase>
    <testcase classname="CucumberJUnitReport-chrome.84_0_4147_105.windows.Validation_and_Bugs" name="Validation_and_Bugs.Should_not_acccept_Invalid_Date_Fortmats" time="0.968">
      <error message="expected false to equal true"/>
      <system-out>
        <![CDATA[
✅ Given I open the site✅ When I fill the form with invalid time formats❗ Then It should display an Error explaing the invalidness of the time format
]]>
      </system-out>
      <system-err>
        <![CDATA[
AssertionError: expected false to equal true
    at World.<anonymous> (C:\Users\lafoe\Desktop\sans\auto2\test\stepDefinition\/Home.stepdef.js:114:47)
    at World.executeSync (C:\Users\lafoe\Desktop\sans\auto2\node_modules\@wdio\sync\build\index.js:56:18)
    at C:\Users\lafoe\Desktop\sans\auto2\node_modules\@wdio\sync\build\index.js:82:70
]]>
      </system-err>
    </testcase>
    <testcase classname="CucumberJUnitReport-chrome.84_0_4147_105.windows.Validation_and_Bugs" name="Validation_and_Bugs.Should_not_acccept_Invalid_Date_Types" time="0.975">
      <error message="expected false to equal true"/>
      <system-out>
        <![CDATA[
✅ Given I open the site✅ When I fill the form with invalid date types❗ Then It should display an Error explaing the invalidness of the date type
]]>
      </system-out>
      <system-err>
        <![CDATA[
AssertionError: expected false to equal true
    at World.<anonymous> (C:\Users\lafoe\Desktop\sans\auto2\test\stepDefinition\/Home.stepdef.js:138:47)
    at World.executeSync (C:\Users\lafoe\Desktop\sans\auto2\node_modules\@wdio\sync\build\index.js:56:18)
    at C:\Users\lafoe\Desktop\sans\auto2\node_modules\@wdio\sync\build\index.js:82:70
]]>
      </system-err>
    </testcase>
    <testcase classname="CucumberJUnitReport-chrome.84_0_4147_105.windows.Validation_and_Bugs" name="Validation_and_Bugs.Should_not_acccept_Invalid_Date_Types" time="1.016">
      <error message="expected false to equal true"/>
      <system-out>
        <![CDATA[
✅ Given I open the site✅ When I fill the form with invalid time types❗ Then It should display an Error explaing the invalidness of the time type
]]>
      </system-out>
      <system-err>
        <![CDATA[
AssertionError: expected false to equal true
    at World.<anonymous> (C:\Users\lafoe\Desktop\sans\auto2\test\stepDefinition\/Home.stepdef.js:162:47)
    at World.executeSync (C:\Users\lafoe\Desktop\sans\auto2\node_modules\@wdio\sync\build\index.js:56:18)
    at C:\Users\lafoe\Desktop\sans\auto2\node_modules\@wdio\sync\build\index.js:82:70
]]>
      </system-err>
    </testcase>
  </testsuite>
</testsuites>