<?xml version="1.0" encoding="UTF-8"?>
<testsuites>
  <testsuite name="Validate_Inputs_when_Creating_Tickets" timestamp="2020-07-31T01:30:11" time="17.912" tests="17" failures="0" errors="0" skipped="0">
    <properties>
      <property name="specId" value="0"/>
      <property name="featureName" value="Validate Inputs when Creating Tickets"/>
      <property name="capabilities" value="chrome.84_0_4147_105.windows"/>
      <property name="featureFile" value=".\test\features\ValidInputTicket.feature"/>
    </properties>
    <testcase classname="CucumberJUnitReport-chrome.84_0_4147_105.windows.Validate_Inputs_when_Creating_Tickets" name="Validate_Inputs_when_Creating_Tickets.Insert_A_valid_Valet_Ticket" time="1.738">
      <system-out>
        <![CDATA[
✅ Given I open the site✅ When I type my valet ticket down✅ Then My Estimated valet Parking Cost should show up
]]>
      </system-out>
    </testcase>
    <testcase classname="CucumberJUnitReport-chrome.84_0_4147_105.windows.Validate_Inputs_when_Creating_Tickets" name="Validate_Inputs_when_Creating_Tickets.Insert_A_valid_Valet_Ticket_2" time="1.02">
      <system-out>
        <![CDATA[
✅ Given I open the site✅ When I type my valet ticket down 2✅ Then My Estimated valet cost should be correct
]]>
      </system-out>
    </testcase>
    <testcase classname="CucumberJUnitReport-chrome.84_0_4147_105.windows.Validate_Inputs_when_Creating_Tickets" name="Validate_Inputs_when_Creating_Tickets.Insert_A_Valid_Short_Term_Ticket" time="1.12">
      <system-out>
        <![CDATA[
✅ Given I open the site✅ When I Write my short Ticket Down✅ Then My Estimated short Parking cost should show up
]]>
      </system-out>
    </testcase>
    <testcase classname="CucumberJUnitReport-chrome.84_0_4147_105.windows.Validate_Inputs_when_Creating_Tickets" name="Validate_Inputs_when_Creating_Tickets.Insert_A_Valid_Short_Term_Ticket_2" time="1.392">
      <system-out>
        <![CDATA[
✅ Given I open the site✅ When I Write my short Ticket Down 2✅ Then My Estimated short cost should be correct
]]>
      </system-out>
    </testcase>
    <testcase classname="CucumberJUnitReport-chrome.84_0_4147_105.windows.Validate_Inputs_when_Creating_Tickets" name="Validate_Inputs_when_Creating_Tickets.Insert_A_Valid_Short_Term_Ticket_3" time="1.029">
      <system-out>
        <![CDATA[
✅ Given I open the site✅ When I Write my short Ticket Down 3✅ Then My Estimated short cost should be correct 2
]]>
      </system-out>
    </testcase>
    <testcase classname="CucumberJUnitReport-chrome.84_0_4147_105.windows.Validate_Inputs_when_Creating_Tickets" name="Validate_Inputs_when_Creating_Tickets.Insert_A_Valid_long_garage_Term_Ticket" time="1.04">
      <system-out>
        <![CDATA[
✅ Given I open the site✅ When I Write my long garage Ticket Down✅ Then My Estimated long garage Parking Cost should show up
]]>
      </system-out>
    </testcase>
    <testcase classname="CucumberJUnitReport-chrome.84_0_4147_105.windows.Validate_Inputs_when_Creating_Tickets" name="Validate_Inputs_when_Creating_Tickets.Insert_A_Valid_long_garage_Term_Ticket_2" time="1.021">
      <system-out>
        <![CDATA[
✅ Given I open the site✅ When I Write my long garage Ticket Down 2✅ Then My Estimated long garage cost should be correct
]]>
      </system-out>
    </testcase>
    <testcase classname="CucumberJUnitReport-chrome.84_0_4147_105.windows.Validate_Inputs_when_Creating_Tickets" name="Validate_Inputs_when_Creating_Tickets.Insert_A_Valid_long_garage_Term_Ticket_3" time="0.959">
      <system-out>
        <![CDATA[
✅ Given I open the site✅ When I Write my long garage Ticket Down 3✅ Then My Estimated long garage cost should be correct 2
]]>
      </system-out>
    </testcase>
    <testcase classname="CucumberJUnitReport-chrome.84_0_4147_105.windows.Validate_Inputs_when_Creating_Tickets" name="Validate_Inputs_when_Creating_Tickets.Insert_A_Valid_long_garage_Term_Ticket_4" time="0.959">
      <system-out>
        <![CDATA[
✅ Given I open the site✅ When I Write my long garage Ticket Down 4✅ Then My Estimated long garage cost should be correct 3
]]>
      </system-out>
    </testcase>
    <testcase classname="CucumberJUnitReport-chrome.84_0_4147_105.windows.Validate_Inputs_when_Creating_Tickets" name="Validate_Inputs_when_Creating_Tickets.Insert_A_Valid_long_surface_Term_Ticket" time="0.964">
      <system-out>
        <![CDATA[
✅ Given I open the site✅ When I Write my long surface Ticket Down✅ Then My Estimated long surface Parking Cost should show up
]]>
      </system-out>
    </testcase>
    <testcase classname="CucumberJUnitReport-chrome.84_0_4147_105.windows.Validate_Inputs_when_Creating_Tickets" name="Validate_Inputs_when_Creating_Tickets.Insert_A_Valid_long_surface_Term_Ticket_2" time="0.973">
      <system-out>
        <![CDATA[
✅ Given I open the site✅ When I Write my long surface Ticket Down 2✅ Then My Estimated long surface cost should be correct
]]>
      </system-out>
    </testcase>
    <testcase classname="CucumberJUnitReport-chrome.84_0_4147_105.windows.Validate_Inputs_when_Creating_Tickets" name="Validate_Inputs_when_Creating_Tickets.Insert_A_Valid_long_surface_Term_Ticket_3" time="0.96">
      <system-out>
        <![CDATA[
✅ Given I open the site✅ When I Write my long surface Ticket Down 3✅ Then My Estimated long surface cost should be correct 2
]]>
      </system-out>
    </testcase>
    <testcase classname="CucumberJUnitReport-chrome.84_0_4147_105.windows.Validate_Inputs_when_Creating_Tickets" name="Validate_Inputs_when_Creating_Tickets.Insert_A_Valid_long_surface_Term_Ticket_4" time="0.934">
      <system-out>
        <![CDATA[
✅ Given I open the site✅ When I Write my long surface Ticket Down 4✅ Then My Estimated long surface cost should be correct 3
]]>
      </system-out>
    </testcase>
    <testcase classname="CucumberJUnitReport-chrome.84_0_4147_105.windows.Validate_Inputs_when_Creating_Tickets" name="Validate_Inputs_when_Creating_Tickets.Insert_A_Valid_economy_Term_Ticket" time="0.906">
      <system-out>
        <![CDATA[
✅ Given I open the site✅ When I Write my economy Ticket Down✅ Then My Estimated economy Parking Cost should show up
]]>
      </system-out>
    </testcase>
    <testcase classname="CucumberJUnitReport-chrome.84_0_4147_105.windows.Validate_Inputs_when_Creating_Tickets" name="Validate_Inputs_when_Creating_Tickets.Insert_A_Valid_economy_Term_Ticket_2" time="0.935">
      <system-out>
        <![CDATA[
✅ Given I open the site✅ When I Write my economy Ticket Down 2✅ Then My Estimated economy cost should be correct
]]>
      </system-out>
    </testcase>
    <testcase classname="CucumberJUnitReport-chrome.84_0_4147_105.windows.Validate_Inputs_when_Creating_Tickets" name="Validate_Inputs_when_Creating_Tickets.Insert_A_Valid_economy_Term_Ticket_3" time="0.934">
      <system-out>
        <![CDATA[
✅ Given I open the site✅ When I Write my economy Ticket Down 3✅ Then My Estimated economy cost should be correct 2
]]>
      </system-out>
    </testcase>
    <testcase classname="CucumberJUnitReport-chrome.84_0_4147_105.windows.Validate_Inputs_when_Creating_Tickets" name="Validate_Inputs_when_Creating_Tickets.Insert_A_Valid_economy_Term_Ticket_4" time="1.001">
      <system-out>
        <![CDATA[
✅ Given I open the site✅ When I Write my economy Ticket Down 4✅ Then My Estimated economy cost should be correct 3
]]>
      </system-out>
    </testcase>
  </testsuite>
</testsuites>